2020-02-21T17:41:04+00:00 CRITICAL Uncaught Error: Class 'User' not found in E:\Dev\xampp\htdocs\wp-content\plugins\stayfit-manager\includes\dashboard\class-sf-client_manager.php:288
Stack trace:
#0 E:\Dev\xampp\htdocs\wp-content\plugins\stayfit-manager\includes\class-sf-dashboard.php(239): Sf_Client_Manager->create()
#1 E:\Dev\xampp\htdocs\wp-content\plugins\stayfit-manager\includes\sf-dashboard-functions.php(106): Sf_Dashboard->client_manager('create')
#2 E:\Dev\xampp\htdocs\wp-includes\class-wp-hook.php(286): sf_manager_dashboard_content('')
#3 E:\Dev\xampp\htdocs\wp-includes\class-wp-hook.php(310): WP_Hook->apply_filters('', Array)
#4 E:\Dev\xampp\htdocs\wp-includes\plugin.php(465): WP_Hook->do_action(Array)
#5 E:\Dev\xampp\htdocs\wp-content\plugins\stayfit-manager\templates\template-sf-admin_dashboard.php(28): do_action('sf_manager_dash...')
#6 E:\Dev\xampp\htdocs\wp-content\plugins\stayfit-manager\includes\class-sf-template.php(68): require_once('E:\\Dev\\xampp\\ht...')
#7 E:\Dev\xampp\htdocs\wp-content\plugins\stayfit-manager\includes\c w E:\Dev\xampp\htdocs\wp-content\plugins\stayfit-manager\includes\dashboard\class-sf-client_manager.php w linii 288

2020-02-21T17:41:37+00:00 CRITICAL Uncaught Error: Call to undefined method Sf_User::get_user_by() in E:\Dev\xampp\htdocs\wp-content\plugins\stayfit-manager\includes\class-sf-user.php:117
Stack trace:
#0 E:\Dev\xampp\htdocs\wp-content\plugins\stayfit-manager\includes\class-sf-user.php(79): Sf_User->read_user_from_db('user_email')
#1 E:\Dev\xampp\htdocs\wp-content\plugins\stayfit-manager\includes\dashboard\class-sf-client_manager.php(288): Sf_User->__construct('1')
#2 E:\Dev\xampp\htdocs\wp-content\plugins\stayfit-manager\includes\class-sf-dashboard.php(239): Sf_Client_Manager->create()
#3 E:\Dev\xampp\htdocs\wp-content\plugins\stayfit-manager\includes\sf-dashboard-functions.php(106): Sf_Dashboard->client_manager('create')
#4 E:\Dev\xampp\htdocs\wp-includes\class-wp-hook.php(286): sf_manager_dashboard_content('')
#5 E:\Dev\xampp\htdocs\wp-includes\class-wp-hook.php(310): WP_Hook->apply_filters('', Array)
#6 E:\Dev\xampp\htdocs\wp-includes\plugin.php(465): WP_Hook->do_action(Array)
#7 E:\Dev\xampp\htdocs\wp-content\plugins\stayfit-manager\templa w E:\Dev\xampp\htdocs\wp-content\plugins\stayfit-manager\includes\class-sf-user.php w linii 117

2020-02-21T17:41:53+00:00 CRITICAL Uncaught ArgumentCountError: Too few arguments to function Sf_User::get_user_email(), 0 passed in E:\Dev\xampp\htdocs\wp-content\plugins\stayfit-manager\includes\class-sf-user.php on line 107 and exactly 1 expected in E:\Dev\xampp\htdocs\wp-content\plugins\stayfit-manager\includes\class-sf-user.php:189
Stack trace:
#0 E:\Dev\xampp\htdocs\wp-content\plugins\stayfit-manager\includes\class-sf-user.php(107): Sf_User->get_user_email()
#1 E:\Dev\xampp\htdocs\wp-content\plugins\stayfit-manager\includes\class-sf-user.php(117): Sf_User->get_user_by('user_email')
#2 E:\Dev\xampp\htdocs\wp-content\plugins\stayfit-manager\includes\class-sf-user.php(79): Sf_User->read_user_from_db('user_email')
#3 E:\Dev\xampp\htdocs\wp-content\plugins\stayfit-manager\includes\dashboard\class-sf-client_manager.php(288): Sf_User->__construct('1')
#4 E:\Dev\xampp\htdocs\wp-content\plugins\stayfit-manager\includes\class-sf-dashboard.php(239): Sf_Client_Manager->create()
#5 E:\Dev\xampp\htdocs\wp-content\plugins\stayfit-manager\includes\sf-da w E:\Dev\xampp\htdocs\wp-content\plugins\stayfit-manager\includes\class-sf-user.php w linii 189

2020-02-21T17:42:21+00:00 CRITICAL Uncaught ArgumentCountError: Too few arguments to function Sf_User::get_user_email(), 0 passed in E:\Dev\xampp\htdocs\wp-content\plugins\stayfit-manager\includes\class-sf-user.php on line 107 and exactly 1 expected in E:\Dev\xampp\htdocs\wp-content\plugins\stayfit-manager\includes\class-sf-user.php:189
Stack trace:
#0 E:\Dev\xampp\htdocs\wp-content\plugins\stayfit-manager\includes\class-sf-user.php(107): Sf_User->get_user_email()
#1 E:\Dev\xampp\htdocs\wp-content\plugins\stayfit-manager\includes\class-sf-user.php(117): Sf_User->get_user_by('user_email')
#2 E:\Dev\xampp\htdocs\wp-content\plugins\stayfit-manager\includes\class-sf-user.php(79): Sf_User->read_user_from_db('user_email')
#3 E:\Dev\xampp\htdocs\wp-content\plugins\stayfit-manager\includes\dashboard\class-sf-client_manager.php(288): Sf_User->__construct('1')
#4 E:\Dev\xampp\htdocs\wp-content\plugins\stayfit-manager\includes\class-sf-dashboard.php(239): Sf_Client_Manager->create()
#5 E:\Dev\xampp\htdocs\wp-content\plugins\stayfit-manager\includes\sf-da w E:\Dev\xampp\htdocs\wp-content\plugins\stayfit-manager\includes\class-sf-user.php w linii 189

2020-02-21T17:47:44+00:00 CRITICAL Uncaught Error: Call to undefined method Sf_User::get_key() in E:\Dev\xampp\htdocs\wp-content\plugins\stayfit-manager\includes\class-sf-user.php:128
Stack trace:
#0 E:\Dev\xampp\htdocs\wp-content\plugins\stayfit-manager\includes\class-sf-user.php(79): Sf_User->read_user_from_db('id')
#1 E:\Dev\xampp\htdocs\wp-content\plugins\stayfit-manager\includes\dashboard\class-sf-client_manager.php(288): Sf_User->__construct(1)
#2 E:\Dev\xampp\htdocs\wp-content\plugins\stayfit-manager\includes\class-sf-dashboard.php(239): Sf_Client_Manager->create()
#3 E:\Dev\xampp\htdocs\wp-content\plugins\stayfit-manager\includes\sf-dashboard-functions.php(106): Sf_Dashboard->client_manager('create')
#4 E:\Dev\xampp\htdocs\wp-includes\class-wp-hook.php(286): sf_manager_dashboard_content('')
#5 E:\Dev\xampp\htdocs\wp-includes\class-wp-hook.php(310): WP_Hook->apply_filters('', Array)
#6 E:\Dev\xampp\htdocs\wp-includes\plugin.php(465): WP_Hook->do_action(Array)
#7 E:\Dev\xampp\htdocs\wp-content\plugins\stayfit-manager\templates\template-s w E:\Dev\xampp\htdocs\wp-content\plugins\stayfit-manager\includes\class-sf-user.php w linii 128

2020-02-21T17:50:37+00:00 CRITICAL syntax error, unexpected ';', expecting ')' w E:\Dev\xampp\htdocs\wp-content\plugins\stayfit-manager\includes\dashboard\class-sf-client_manager.php w linii 290

2020-02-21T18:45:32+00:00 CRITICAL Uncaught Error: Call to undefined method Sf_Card::assign_to() in E:\Dev\xampp\htdocs\wp-content\plugins\stayfit-manager\includes\class-sf-form-handle.php:143
Stack trace:
#0 E:\Dev\xampp\htdocs\wp-includes\class-wp-hook.php(286): Sf_Form_Handle::dashboard_client_manager_create_handler('')
#1 E:\Dev\xampp\htdocs\wp-includes\class-wp-hook.php(310): WP_Hook->apply_filters(NULL, Array)
#2 E:\Dev\xampp\htdocs\wp-includes\plugin.php(465): WP_Hook->do_action(Array)
#3 E:\Dev\xampp\htdocs\wp-settings.php(546): do_action('wp_loaded')
#4 E:\Dev\xampp\htdocs\wp-config.php(90): require_once('E:\\Dev\\xampp\\ht...')
#5 E:\Dev\xampp\htdocs\wp-load.php(37): require_once('E:\\Dev\\xampp\\ht...')
#6 E:\Dev\xampp\htdocs\wp-blog-header.php(13): require_once('E:\\Dev\\xampp\\ht...')
#7 E:\Dev\xampp\htdocs\index.php(17): require('E:\\Dev\\xampp\\ht...')
#8 {main}
  thrown w E:\Dev\xampp\htdocs\wp-content\plugins\stayfit-manager\includes\class-sf-form-handle.php w linii 143

2020-02-21T18:45:51+00:00 CRITICAL Object of class WP_Error could not be converted to string w E:\Dev\xampp\htdocs\wp-content\plugins\stayfit-manager\includes\class-sf-form-handle.php w linii 169

2020-02-21T18:46:46+00:00 CRITICAL Uncaught Error: Call to undefined method Sf_Card::reassign_to() in E:\Dev\xampp\htdocs\wp-content\plugins\stayfit-manager\includes\dashboard\class-sf-client_manager.php:19
Stack trace:
#0 E:\Dev\xampp\htdocs\wp-content\plugins\stayfit-manager\includes\class-sf-dashboard.php(239): Sf_Client_Manager->person()
#1 E:\Dev\xampp\htdocs\wp-content\plugins\stayfit-manager\includes\sf-dashboard-functions.php(106): Sf_Dashboard->client_manager('person')
#2 E:\Dev\xampp\htdocs\wp-includes\class-wp-hook.php(286): sf_manager_dashboard_content('')
#3 E:\Dev\xampp\htdocs\wp-includes\class-wp-hook.php(310): WP_Hook->apply_filters('', Array)
#4 E:\Dev\xampp\htdocs\wp-includes\plugin.php(465): WP_Hook->do_action(Array)
#5 E:\Dev\xampp\htdocs\wp-content\plugins\stayfit-manager\templates\template-sf-admin_dashboard.php(28): do_action('sf_manager_dash...')
#6 E:\Dev\xampp\htdocs\wp-content\plugins\stayfit-manager\includes\class-sf-template.php(68): require_once('E:\\Dev\\xampp\\ht...')
#7 E:\Dev\xampp\htdocs\wp-content\plugins\st w E:\Dev\xampp\htdocs\wp-content\plugins\stayfit-manager\includes\dashboard\class-sf-client_manager.php w linii 19

2020-02-21T18:46:54+00:00 CRITICAL Uncaught Error: Call to undefined method Sf_Card::reassign_to() in E:\Dev\xampp\htdocs\wp-content\plugins\stayfit-manager\includes\dashboard\class-sf-client_manager.php:19
Stack trace:
#0 E:\Dev\xampp\htdocs\wp-content\plugins\stayfit-manager\includes\class-sf-dashboard.php(239): Sf_Client_Manager->person()
#1 E:\Dev\xampp\htdocs\wp-content\plugins\stayfit-manager\includes\sf-dashboard-functions.php(106): Sf_Dashboard->client_manager('person')
#2 E:\Dev\xampp\htdocs\wp-includes\class-wp-hook.php(286): sf_manager_dashboard_content('')
#3 E:\Dev\xampp\htdocs\wp-includes\class-wp-hook.php(310): WP_Hook->apply_filters('', Array)
#4 E:\Dev\xampp\htdocs\wp-includes\plugin.php(465): WP_Hook->do_action(Array)
#5 E:\Dev\xampp\htdocs\wp-content\plugins\stayfit-manager\templates\template-sf-admin_dashboard.php(28): do_action('sf_manager_dash...')
#6 E:\Dev\xampp\htdocs\wp-content\plugins\stayfit-manager\includes\class-sf-template.php(68): require_once('E:\\Dev\\xampp\\ht...')
#7 E:\Dev\xampp\htdocs\wp-content\plugins\st w E:\Dev\xampp\htdocs\wp-content\plugins\stayfit-manager\includes\dashboard\class-sf-client_manager.php w linii 19

2020-02-21T18:47:19+00:00 CRITICAL Uncaught Error: Call to undefined method Sf_User::firstname() in E:\Dev\xampp\htdocs\wp-content\plugins\stayfit-manager\includes\dashboard\class-sf-client_manager.php:133
Stack trace:
#0 E:\Dev\xampp\htdocs\wp-content\plugins\stayfit-manager\includes\class-sf-dashboard.php(239): Sf_Client_Manager->person()
#1 E:\Dev\xampp\htdocs\wp-content\plugins\stayfit-manager\includes\sf-dashboard-functions.php(106): Sf_Dashboard->client_manager('person')
#2 E:\Dev\xampp\htdocs\wp-includes\class-wp-hook.php(286): sf_manager_dashboard_content('')
#3 E:\Dev\xampp\htdocs\wp-includes\class-wp-hook.php(310): WP_Hook->apply_filters('', Array)
#4 E:\Dev\xampp\htdocs\wp-includes\plugin.php(465): WP_Hook->do_action(Array)
#5 E:\Dev\xampp\htdocs\wp-content\plugins\stayfit-manager\templates\template-sf-admin_dashboard.php(28): do_action('sf_manager_dash...')
#6 E:\Dev\xampp\htdocs\wp-content\plugins\stayfit-manager\includes\class-sf-template.php(68): require_once('E:\\Dev\\xampp\\ht...')
#7 E:\Dev\xampp\htdocs\wp-content\plugins\sta w E:\Dev\xampp\htdocs\wp-content\plugins\stayfit-manager\includes\dashboard\class-sf-client_manager.php w linii 133

2020-02-21T18:48:03+00:00 CRITICAL Uncaught Error: Call to undefined method Sf_User::user_email() in E:\Dev\xampp\htdocs\wp-content\plugins\stayfit-manager\includes\dashboard\class-sf-client_manager.php:162
Stack trace:
#0 E:\Dev\xampp\htdocs\wp-content\plugins\stayfit-manager\includes\class-sf-dashboard.php(239): Sf_Client_Manager->person()
#1 E:\Dev\xampp\htdocs\wp-content\plugins\stayfit-manager\includes\sf-dashboard-functions.php(106): Sf_Dashboard->client_manager('person')
#2 E:\Dev\xampp\htdocs\wp-includes\class-wp-hook.php(286): sf_manager_dashboard_content('')
#3 E:\Dev\xampp\htdocs\wp-includes\class-wp-hook.php(310): WP_Hook->apply_filters('', Array)
#4 E:\Dev\xampp\htdocs\wp-includes\plugin.php(465): WP_Hook->do_action(Array)
#5 E:\Dev\xampp\htdocs\wp-content\plugins\stayfit-manager\templates\template-sf-admin_dashboard.php(28): do_action('sf_manager_dash...')
#6 E:\Dev\xampp\htdocs\wp-content\plugins\stayfit-manager\includes\class-sf-template.php(68): require_once('E:\\Dev\\xampp\\ht...')
#7 E:\Dev\xampp\htdocs\wp-content\plugins\st w E:\Dev\xampp\htdocs\wp-content\plugins\stayfit-manager\includes\dashboard\class-sf-client_manager.php w linii 162

2020-02-21T18:48:20+00:00 CRITICAL Uncaught Error: Call to undefined method Sf_User::firstname() in E:\Dev\xampp\htdocs\wp-content\plugins\stayfit-manager\includes\dashboard\class-sf-client_manager.php:269
Stack trace:
#0 E:\Dev\xampp\htdocs\wp-content\plugins\stayfit-manager\includes\class-sf-dashboard.php(239): Sf_Client_Manager->person()
#1 E:\Dev\xampp\htdocs\wp-content\plugins\stayfit-manager\includes\sf-dashboard-functions.php(106): Sf_Dashboard->client_manager('person')
#2 E:\Dev\xampp\htdocs\wp-includes\class-wp-hook.php(286): sf_manager_dashboard_content('')
#3 E:\Dev\xampp\htdocs\wp-includes\class-wp-hook.php(310): WP_Hook->apply_filters('', Array)
#4 E:\Dev\xampp\htdocs\wp-includes\plugin.php(465): WP_Hook->do_action(Array)
#5 E:\Dev\xampp\htdocs\wp-content\plugins\stayfit-manager\templates\template-sf-admin_dashboard.php(28): do_action('sf_manager_dash...')
#6 E:\Dev\xampp\htdocs\wp-content\plugins\stayfit-manager\includes\class-sf-template.php(68): require_once('E:\\Dev\\xampp\\ht...')
#7 E:\Dev\xampp\htdocs\wp-content\plugins\sta w E:\Dev\xampp\htdocs\wp-content\plugins\stayfit-manager\includes\dashboard\class-sf-client_manager.php w linii 269

2020-02-21T18:50:20+00:00 CRITICAL Object of class WP_Error could not be converted to string w E:\Dev\xampp\htdocs\wp-content\plugins\stayfit-manager\includes\class-sf-form-handle.php w linii 169

2020-02-21T18:51:58+00:00 CRITICAL Object of class WP_Error could not be converted to string w E:\Dev\xampp\htdocs\wp-content\plugins\stayfit-manager\includes\class-sf-form-handle.php w linii 176

2020-02-21T18:53:21+00:00 CRITICAL Object of class WP_Error could not be converted to string w E:\Dev\xampp\htdocs\wp-content\plugins\stayfit-manager\includes\class-sf-form-handle.php w linii 169

