2020-02-19T14:08:20+00:00 CRITICAL Uncaught ArgumentCountError: Too few arguments to function WP_Query::get(), 0 passed in E:\Dev\xampp\htdocs\wp-content\plugins\stayfit-manager\includes\dashboard\class-sf-client_manager.php on line 28 and at least 1 expected in E:\Dev\xampp\htdocs\wp-includes\class-wp-query.php:1706
Stack trace:
#0 E:\Dev\xampp\htdocs\wp-content\plugins\stayfit-manager\includes\dashboard\class-sf-client_manager.php(28): WP_Query->get()
#1 E:\Dev\xampp\htdocs\wp-content\plugins\stayfit-manager\includes\class-sf-dashboard.php(239): Sf_Client_Manager->person()
#2 E:\Dev\xampp\htdocs\wp-content\plugins\stayfit-manager\includes\sf-dashboard-functions.php(95): Sf_Dashboard->client_manager('person')
#3 E:\Dev\xampp\htdocs\wp-includes\class-wp-hook.php(286): sf_manager_dashboard_content('')
#4 E:\Dev\xampp\htdocs\wp-includes\class-wp-hook.php(310): WP_Hook->apply_filters('', Array)
#5 E:\Dev\xampp\htdocs\wp-includes\plugin.php(465): WP_Hook->do_action(Array)
#6 E:\Dev\xampp\htdocs\wp-content\plugins\stayfit-manager\templates\template w E:\Dev\xampp\htdocs\wp-includes\class-wp-query.php w linii 1706

2020-02-19T14:12:32+00:00 CRITICAL Uncaught Error: Call to a member function get_posts() on null in E:\Dev\xampp\htdocs\wp-content\plugins\stayfit-manager\includes\class-sf-card.php:427
Stack trace:
#0 E:\Dev\xampp\htdocs\wp-content\plugins\stayfit-manager\includes\dashboard\class-sf-client_manager.php(28): Sf_Card->delete_all()
#1 E:\Dev\xampp\htdocs\wp-content\plugins\stayfit-manager\includes\class-sf-dashboard.php(239): Sf_Client_Manager->person()
#2 E:\Dev\xampp\htdocs\wp-content\plugins\stayfit-manager\includes\sf-dashboard-functions.php(95): Sf_Dashboard->client_manager('person')
#3 E:\Dev\xampp\htdocs\wp-includes\class-wp-hook.php(286): sf_manager_dashboard_content('')
#4 E:\Dev\xampp\htdocs\wp-includes\class-wp-hook.php(310): WP_Hook->apply_filters('', Array)
#5 E:\Dev\xampp\htdocs\wp-includes\plugin.php(465): WP_Hook->do_action(Array)
#6 E:\Dev\xampp\htdocs\wp-content\plugins\stayfit-manager\templates\template-sf-admin_dashboard.php(28): do_action('sf_manager_dash...')
#7 E:\Dev\xampp\htdocs\wp-content\plugins\stayfit-manager\includes w E:\Dev\xampp\htdocs\wp-content\plugins\stayfit-manager\includes\class-sf-card.php w linii 427

2020-02-19T16:13:32+00:00 CRITICAL Uncaught ArgumentCountError: Too few arguments to function Sf_Card::set_raport_entries(), 1 passed in E:\Dev\xampp\htdocs\wp-content\plugins\stayfit-manager\includes\class-sf-card.php on line 285 and exactly 3 expected in E:\Dev\xampp\htdocs\wp-content\plugins\stayfit-manager\includes\class-sf-card.php:194
Stack trace:
#0 E:\Dev\xampp\htdocs\wp-content\plugins\stayfit-manager\includes\class-sf-card.php(285): Sf_Card->set_raport_entries(Array)
#1 E:\Dev\xampp\htdocs\wp-content\plugins\stayfit-manager\includes\class-sf-card.php(74): Sf_Card->read_object_from_db('key')
#2 E:\Dev\xampp\htdocs\wp-content\plugins\stayfit-manager\includes\dashboard\class-sf-client_manager.php(17): Sf_Card->__construct('karnet_9')
#3 E:\Dev\xampp\htdocs\wp-content\plugins\stayfit-manager\includes\class-sf-dashboard.php(239): Sf_Client_Manager->person()
#4 E:\Dev\xampp\htdocs\wp-content\plugins\stayfit-manager\includes\sf-dashboard-functions.php(95): Sf_Dashboard->client_manager('person')
#5 E:\Dev\xampp\htdocs\wp-includes\class-wp-ho w E:\Dev\xampp\htdocs\wp-content\plugins\stayfit-manager\includes\class-sf-card.php w linii 194

2020-02-19T16:15:11+00:00 CRITICAL Uncaught ArgumentCountError: Too few arguments to function Sf_Card::set_raport_entries(), 1 passed in E:\Dev\xampp\htdocs\wp-content\plugins\stayfit-manager\includes\class-sf-card.php on line 285 and exactly 3 expected in E:\Dev\xampp\htdocs\wp-content\plugins\stayfit-manager\includes\class-sf-card.php:194
Stack trace:
#0 E:\Dev\xampp\htdocs\wp-content\plugins\stayfit-manager\includes\class-sf-card.php(285): Sf_Card->set_raport_entries(Array)
#1 E:\Dev\xampp\htdocs\wp-content\plugins\stayfit-manager\includes\class-sf-card.php(74): Sf_Card->read_object_from_db('key')
#2 E:\Dev\xampp\htdocs\wp-content\plugins\stayfit-manager\includes\dashboard\class-sf-client_manager.php(17): Sf_Card->__construct('karnet_9')
#3 E:\Dev\xampp\htdocs\wp-content\plugins\stayfit-manager\includes\class-sf-dashboard.php(239): Sf_Client_Manager->person()
#4 E:\Dev\xampp\htdocs\wp-content\plugins\stayfit-manager\includes\sf-dashboard-functions.php(95): Sf_Dashboard->client_manager('person')
#5 E:\Dev\xampp\htdocs\wp-includes\class-wp-ho w E:\Dev\xampp\htdocs\wp-content\plugins\stayfit-manager\includes\class-sf-card.php w linii 194

2020-02-19T16:16:14+00:00 CRITICAL Uncaught ArgumentCountError: Too few arguments to function Sf_Card::set_raport_owners(), 1 passed in E:\Dev\xampp\htdocs\wp-content\plugins\stayfit-manager\includes\class-sf-card.php on line 285 and exactly 3 expected in E:\Dev\xampp\htdocs\wp-content\plugins\stayfit-manager\includes\class-sf-card.php:205
Stack trace:
#0 E:\Dev\xampp\htdocs\wp-content\plugins\stayfit-manager\includes\class-sf-card.php(285): Sf_Card->set_raport_owners(Array)
#1 E:\Dev\xampp\htdocs\wp-content\plugins\stayfit-manager\includes\class-sf-card.php(74): Sf_Card->read_object_from_db('key')
#2 E:\Dev\xampp\htdocs\wp-content\plugins\stayfit-manager\includes\dashboard\class-sf-client_manager.php(17): Sf_Card->__construct('karnet_9')
#3 E:\Dev\xampp\htdocs\wp-content\plugins\stayfit-manager\includes\class-sf-dashboard.php(239): Sf_Client_Manager->person()
#4 E:\Dev\xampp\htdocs\wp-content\plugins\stayfit-manager\includes\sf-dashboard-functions.php(95): Sf_Dashboard->client_manager('person')
#5 E:\Dev\xampp\htdocs\wp-includes\class-wp-hook w E:\Dev\xampp\htdocs\wp-content\plugins\stayfit-manager\includes\class-sf-card.php w linii 205

2020-02-19T16:16:59+00:00 CRITICAL Uncaught ArgumentCountError: Too few arguments to function Sf_Card::set_raport_owners(), 1 passed in E:\Dev\xampp\htdocs\wp-content\plugins\stayfit-manager\includes\class-sf-card.php on line 285 and exactly 3 expected in E:\Dev\xampp\htdocs\wp-content\plugins\stayfit-manager\includes\class-sf-card.php:205
Stack trace:
#0 E:\Dev\xampp\htdocs\wp-content\plugins\stayfit-manager\includes\class-sf-card.php(285): Sf_Card->set_raport_owners(Array)
#1 E:\Dev\xampp\htdocs\wp-content\plugins\stayfit-manager\includes\class-sf-card.php(74): Sf_Card->read_object_from_db('key')
#2 E:\Dev\xampp\htdocs\wp-content\plugins\stayfit-manager\includes\dashboard\class-sf-client_manager.php(17): Sf_Card->__construct('karnet_9')
#3 E:\Dev\xampp\htdocs\wp-content\plugins\stayfit-manager\includes\class-sf-dashboard.php(239): Sf_Client_Manager->person()
#4 E:\Dev\xampp\htdocs\wp-content\plugins\stayfit-manager\includes\sf-dashboard-functions.php(95): Sf_Dashboard->client_manager('person')
#5 E:\Dev\xampp\htdocs\wp-includes\class-wp-hook w E:\Dev\xampp\htdocs\wp-content\plugins\stayfit-manager\includes\class-sf-card.php w linii 205

2020-02-19T16:17:30+00:00 CRITICAL Uncaught Error: Call to a member function firstname() on array in E:\Dev\xampp\htdocs\wp-content\plugins\stayfit-manager\includes\class-sf-card.php:210
Stack trace:
#0 E:\Dev\xampp\htdocs\wp-content\plugins\stayfit-manager\includes\class-sf-card.php(285): Sf_Card->set_raport_owners(Array)
#1 E:\Dev\xampp\htdocs\wp-content\plugins\stayfit-manager\includes\class-sf-card.php(74): Sf_Card->read_object_from_db('key')
#2 E:\Dev\xampp\htdocs\wp-content\plugins\stayfit-manager\includes\dashboard\class-sf-client_manager.php(17): Sf_Card->__construct('karnet_9')
#3 E:\Dev\xampp\htdocs\wp-content\plugins\stayfit-manager\includes\class-sf-dashboard.php(239): Sf_Client_Manager->person()
#4 E:\Dev\xampp\htdocs\wp-content\plugins\stayfit-manager\includes\sf-dashboard-functions.php(95): Sf_Dashboard->client_manager('person')
#5 E:\Dev\xampp\htdocs\wp-includes\class-wp-hook.php(286): sf_manager_dashboard_content('')
#6 E:\Dev\xampp\htdocs\wp-includes\class-wp-hook.php(310): WP_Hook->apply_filters('', Array)
#7 E:\Dev\xampp\ht w E:\Dev\xampp\htdocs\wp-content\plugins\stayfit-manager\includes\class-sf-card.php w linii 210

2020-02-19T16:18:20+00:00 CRITICAL Uncaught ArgumentCountError: Too few arguments to function Sf_Card::set_raport_owners(), 1 passed in E:\Dev\xampp\htdocs\wp-content\plugins\stayfit-manager\includes\class-sf-card.php on line 285 and exactly 3 expected in E:\Dev\xampp\htdocs\wp-content\plugins\stayfit-manager\includes\class-sf-card.php:205
Stack trace:
#0 E:\Dev\xampp\htdocs\wp-content\plugins\stayfit-manager\includes\class-sf-card.php(285): Sf_Card->set_raport_owners(Array)
#1 E:\Dev\xampp\htdocs\wp-content\plugins\stayfit-manager\includes\class-sf-card.php(74): Sf_Card->read_object_from_db('key')
#2 E:\Dev\xampp\htdocs\wp-content\plugins\stayfit-manager\includes\dashboard\class-sf-client_manager.php(17): Sf_Card->__construct('karnet_9')
#3 E:\Dev\xampp\htdocs\wp-content\plugins\stayfit-manager\includes\class-sf-dashboard.php(239): Sf_Client_Manager->person()
#4 E:\Dev\xampp\htdocs\wp-content\plugins\stayfit-manager\includes\sf-dashboard-functions.php(95): Sf_Dashboard->client_manager('person')
#5 E:\Dev\xampp\htdocs\wp-includes\class-wp-hook w E:\Dev\xampp\htdocs\wp-content\plugins\stayfit-manager\includes\class-sf-card.php w linii 205

2020-02-19T16:20:29+00:00 CRITICAL Uncaught ArgumentCountError: Too few arguments to function Sf_Card::set_raport_owners(), 1 passed in E:\Dev\xampp\htdocs\wp-content\plugins\stayfit-manager\includes\class-sf-card.php on line 285 and exactly 3 expected in E:\Dev\xampp\htdocs\wp-content\plugins\stayfit-manager\includes\class-sf-card.php:205
Stack trace:
#0 E:\Dev\xampp\htdocs\wp-content\plugins\stayfit-manager\includes\class-sf-card.php(285): Sf_Card->set_raport_owners(Array)
#1 E:\Dev\xampp\htdocs\wp-content\plugins\stayfit-manager\includes\class-sf-card.php(74): Sf_Card->read_object_from_db('key')
#2 E:\Dev\xampp\htdocs\wp-content\plugins\stayfit-manager\includes\dashboard\class-sf-client_manager.php(17): Sf_Card->__construct('karnet_9')
#3 E:\Dev\xampp\htdocs\wp-content\plugins\stayfit-manager\includes\class-sf-dashboard.php(239): Sf_Client_Manager->person()
#4 E:\Dev\xampp\htdocs\wp-content\plugins\stayfit-manager\includes\sf-dashboard-functions.php(95): Sf_Dashboard->client_manager('person')
#5 E:\Dev\xampp\htdocs\wp-includes\class-wp-hook w E:\Dev\xampp\htdocs\wp-content\plugins\stayfit-manager\includes\class-sf-card.php w linii 205

2020-02-19T16:20:51+00:00 CRITICAL Uncaught ArgumentCountError: Too few arguments to function Sf_Card::set_raport_owners(), 1 passed in E:\Dev\xampp\htdocs\wp-content\plugins\stayfit-manager\includes\class-sf-card.php on line 285 and exactly 3 expected in E:\Dev\xampp\htdocs\wp-content\plugins\stayfit-manager\includes\class-sf-card.php:205
Stack trace:
#0 E:\Dev\xampp\htdocs\wp-content\plugins\stayfit-manager\includes\class-sf-card.php(285): Sf_Card->set_raport_owners(Array)
#1 E:\Dev\xampp\htdocs\wp-content\plugins\stayfit-manager\includes\class-sf-card.php(74): Sf_Card->read_object_from_db('key')
#2 E:\Dev\xampp\htdocs\wp-content\plugins\stayfit-manager\includes\dashboard\class-sf-client_manager.php(17): Sf_Card->__construct('karnet_9')
#3 E:\Dev\xampp\htdocs\wp-content\plugins\stayfit-manager\includes\class-sf-dashboard.php(239): Sf_Client_Manager->person()
#4 E:\Dev\xampp\htdocs\wp-content\plugins\stayfit-manager\includes\sf-dashboard-functions.php(95): Sf_Dashboard->client_manager('person')
#5 E:\Dev\xampp\htdocs\wp-includes\class-wp-hook w E:\Dev\xampp\htdocs\wp-content\plugins\stayfit-manager\includes\class-sf-card.php w linii 205

2020-02-19T16:23:33+00:00 CRITICAL Uncaught ArgumentCountError: Too few arguments to function Sf_Card::set_raport_owners(), 1 passed in E:\Dev\xampp\htdocs\wp-content\plugins\stayfit-manager\includes\class-sf-card.php on line 285 and exactly 3 expected in E:\Dev\xampp\htdocs\wp-content\plugins\stayfit-manager\includes\class-sf-card.php:205
Stack trace:
#0 E:\Dev\xampp\htdocs\wp-content\plugins\stayfit-manager\includes\class-sf-card.php(285): Sf_Card->set_raport_owners(Array)
#1 E:\Dev\xampp\htdocs\wp-content\plugins\stayfit-manager\includes\class-sf-card.php(74): Sf_Card->read_object_from_db('key')
#2 E:\Dev\xampp\htdocs\wp-content\plugins\stayfit-manager\includes\dashboard\class-sf-client_manager.php(17): Sf_Card->__construct('karnet_9')
#3 E:\Dev\xampp\htdocs\wp-content\plugins\stayfit-manager\includes\class-sf-dashboard.php(239): Sf_Client_Manager->person()
#4 E:\Dev\xampp\htdocs\wp-content\plugins\stayfit-manager\includes\sf-dashboard-functions.php(95): Sf_Dashboard->client_manager('person')
#5 E:\Dev\xampp\htdocs\wp-includes\class-wp-hook w E:\Dev\xampp\htdocs\wp-content\plugins\stayfit-manager\includes\class-sf-card.php w linii 205

2020-02-19T16:23:42+00:00 CRITICAL Uncaught ArgumentCountError: Too few arguments to function Sf_Card::set_raport_owners(), 1 passed in E:\Dev\xampp\htdocs\wp-content\plugins\stayfit-manager\includes\class-sf-card.php on line 285 and exactly 3 expected in E:\Dev\xampp\htdocs\wp-content\plugins\stayfit-manager\includes\class-sf-card.php:205
Stack trace:
#0 E:\Dev\xampp\htdocs\wp-content\plugins\stayfit-manager\includes\class-sf-card.php(285): Sf_Card->set_raport_owners(Array)
#1 E:\Dev\xampp\htdocs\wp-content\plugins\stayfit-manager\includes\class-sf-card.php(74): Sf_Card->read_object_from_db('key')
#2 E:\Dev\xampp\htdocs\wp-content\plugins\stayfit-manager\includes\dashboard\class-sf-client_manager.php(17): Sf_Card->__construct('karnet_9')
#3 E:\Dev\xampp\htdocs\wp-content\plugins\stayfit-manager\includes\class-sf-dashboard.php(239): Sf_Client_Manager->person()
#4 E:\Dev\xampp\htdocs\wp-content\plugins\stayfit-manager\includes\sf-dashboard-functions.php(95): Sf_Dashboard->client_manager('person')
#5 E:\Dev\xampp\htdocs\wp-includes\class-wp-hook w E:\Dev\xampp\htdocs\wp-content\plugins\stayfit-manager\includes\class-sf-card.php w linii 205

2020-02-19T16:23:44+00:00 CRITICAL Uncaught ArgumentCountError: Too few arguments to function Sf_Card::set_raport_owners(), 1 passed in E:\Dev\xampp\htdocs\wp-content\plugins\stayfit-manager\includes\class-sf-card.php on line 285 and exactly 3 expected in E:\Dev\xampp\htdocs\wp-content\plugins\stayfit-manager\includes\class-sf-card.php:205
Stack trace:
#0 E:\Dev\xampp\htdocs\wp-content\plugins\stayfit-manager\includes\class-sf-card.php(285): Sf_Card->set_raport_owners(Array)
#1 E:\Dev\xampp\htdocs\wp-content\plugins\stayfit-manager\includes\class-sf-card.php(74): Sf_Card->read_object_from_db('key')
#2 E:\Dev\xampp\htdocs\wp-content\plugins\stayfit-manager\includes\dashboard\class-sf-client_manager.php(17): Sf_Card->__construct('karnet_9')
#3 E:\Dev\xampp\htdocs\wp-content\plugins\stayfit-manager\includes\class-sf-dashboard.php(239): Sf_Client_Manager->person()
#4 E:\Dev\xampp\htdocs\wp-content\plugins\stayfit-manager\includes\sf-dashboard-functions.php(95): Sf_Dashboard->client_manager('person')
#5 E:\Dev\xampp\htdocs\wp-includes\class-wp-hook w E:\Dev\xampp\htdocs\wp-content\plugins\stayfit-manager\includes\class-sf-card.php w linii 205

2020-02-19T16:24:48+00:00 CRITICAL Uncaught ArgumentCountError: Too few arguments to function Sf_Card::set_raport_owners(), 1 passed in E:\Dev\xampp\htdocs\wp-content\plugins\stayfit-manager\includes\class-sf-card.php on line 285 and exactly 2 expected in E:\Dev\xampp\htdocs\wp-content\plugins\stayfit-manager\includes\class-sf-card.php:205
Stack trace:
#0 E:\Dev\xampp\htdocs\wp-content\plugins\stayfit-manager\includes\class-sf-card.php(285): Sf_Card->set_raport_owners(Array)
#1 E:\Dev\xampp\htdocs\wp-content\plugins\stayfit-manager\includes\class-sf-card.php(74): Sf_Card->read_object_from_db('key')
#2 E:\Dev\xampp\htdocs\wp-content\plugins\stayfit-manager\includes\dashboard\class-sf-client_manager.php(17): Sf_Card->__construct('karnet_9')
#3 E:\Dev\xampp\htdocs\wp-content\plugins\stayfit-manager\includes\class-sf-dashboard.php(239): Sf_Client_Manager->person()
#4 E:\Dev\xampp\htdocs\wp-content\plugins\stayfit-manager\includes\sf-dashboard-functions.php(95): Sf_Dashboard->client_manager('person')
#5 E:\Dev\xampp\htdocs\wp-includes\class-wp-hook w E:\Dev\xampp\htdocs\wp-content\plugins\stayfit-manager\includes\class-sf-card.php w linii 205

2020-02-19T16:24:52+00:00 CRITICAL Uncaught ArgumentCountError: Too few arguments to function Sf_Card::set_raport_owners(), 1 passed in E:\Dev\xampp\htdocs\wp-content\plugins\stayfit-manager\includes\class-sf-card.php on line 285 and exactly 2 expected in E:\Dev\xampp\htdocs\wp-content\plugins\stayfit-manager\includes\class-sf-card.php:205
Stack trace:
#0 E:\Dev\xampp\htdocs\wp-content\plugins\stayfit-manager\includes\class-sf-card.php(285): Sf_Card->set_raport_owners(Array)
#1 E:\Dev\xampp\htdocs\wp-content\plugins\stayfit-manager\includes\class-sf-card.php(74): Sf_Card->read_object_from_db('key')
#2 E:\Dev\xampp\htdocs\wp-content\plugins\stayfit-manager\includes\dashboard\class-sf-client_manager.php(17): Sf_Card->__construct('karnet_9')
#3 E:\Dev\xampp\htdocs\wp-content\plugins\stayfit-manager\includes\class-sf-dashboard.php(239): Sf_Client_Manager->person()
#4 E:\Dev\xampp\htdocs\wp-content\plugins\stayfit-manager\includes\sf-dashboard-functions.php(95): Sf_Dashboard->client_manager('person')
#5 E:\Dev\xampp\htdocs\wp-includes\class-wp-hook w E:\Dev\xampp\htdocs\wp-content\plugins\stayfit-manager\includes\class-sf-card.php w linii 205

2020-02-19T16:25:16+00:00 CRITICAL Uncaught ArgumentCountError: Too few arguments to function Sf_Card::set_raport_owners(), 1 passed in E:\Dev\xampp\htdocs\wp-content\plugins\stayfit-manager\includes\class-sf-card.php on line 285 and exactly 2 expected in E:\Dev\xampp\htdocs\wp-content\plugins\stayfit-manager\includes\class-sf-card.php:205
Stack trace:
#0 E:\Dev\xampp\htdocs\wp-content\plugins\stayfit-manager\includes\class-sf-card.php(285): Sf_Card->set_raport_owners(Array)
#1 E:\Dev\xampp\htdocs\wp-content\plugins\stayfit-manager\includes\class-sf-card.php(74): Sf_Card->read_object_from_db('key')
#2 E:\Dev\xampp\htdocs\wp-content\plugins\stayfit-manager\includes\dashboard\class-sf-client_manager.php(17): Sf_Card->__construct('karnet_9')
#3 E:\Dev\xampp\htdocs\wp-content\plugins\stayfit-manager\includes\class-sf-dashboard.php(239): Sf_Client_Manager->person()
#4 E:\Dev\xampp\htdocs\wp-content\plugins\stayfit-manager\includes\sf-dashboard-functions.php(95): Sf_Dashboard->client_manager('person')
#5 E:\Dev\xampp\htdocs\wp-includes\class-wp-hook w E:\Dev\xampp\htdocs\wp-content\plugins\stayfit-manager\includes\class-sf-card.php w linii 205

2020-02-19T16:48:21+00:00 CRITICAL Uncaught Error: Cannot use object of type Sf_User as array in E:\Dev\xampp\htdocs\wp-content\plugins\stayfit-manager\includes\class-sf-card.php:355
Stack trace:
#0 E:\Dev\xampp\htdocs\wp-content\plugins\stayfit-manager\includes\class-sf-card.php(340): Sf_Card->create(Object(Sf_User), Object(Sf_User), Array)
#1 E:\Dev\xampp\htdocs\wp-content\plugins\stayfit-manager\includes\class-sf-card.php(316): Sf_Card->assign_to(Object(Sf_User), Array)
#2 E:\Dev\xampp\htdocs\wp-content\plugins\stayfit-manager\includes\dashboard\class-sf-client_manager.php(27): Sf_Card->reassign_to(Object(Sf_User), 'karnet_10', Array)
#3 E:\Dev\xampp\htdocs\wp-content\plugins\stayfit-manager\includes\class-sf-dashboard.php(239): Sf_Client_Manager->person()
#4 E:\Dev\xampp\htdocs\wp-content\plugins\stayfit-manager\includes\sf-dashboard-functions.php(95): Sf_Dashboard->client_manager('person')
#5 E:\Dev\xampp\htdocs\wp-includes\class-wp-hook.php(286): sf_manager_dashboard_content('')
#6 E:\Dev\xampp\htdocs\wp-includes\class-wp-hook.php(310):  w E:\Dev\xampp\htdocs\wp-content\plugins\stayfit-manager\includes\class-sf-card.php w linii 355

2020-02-19T16:49:23+00:00 CRITICAL Uncaught ArgumentCountError: Too few arguments to function Sf_Card::add_raport_used_by(), 2 passed in E:\Dev\xampp\htdocs\wp-content\plugins\stayfit-manager\includes\class-sf-card.php on line 375 and exactly 3 expected in E:\Dev\xampp\htdocs\wp-content\plugins\stayfit-manager\includes\class-sf-card.php:209
Stack trace:
#0 E:\Dev\xampp\htdocs\wp-content\plugins\stayfit-manager\includes\class-sf-card.php(375): Sf_Card->add_raport_used_by('2020-02-10 11:0...', '2020-02-29 11:0...')
#1 E:\Dev\xampp\htdocs\wp-content\plugins\stayfit-manager\includes\class-sf-card.php(340): Sf_Card->create(Object(Sf_User), Array)
#2 E:\Dev\xampp\htdocs\wp-content\plugins\stayfit-manager\includes\class-sf-card.php(316): Sf_Card->assign_to(Object(Sf_User), Array)
#3 E:\Dev\xampp\htdocs\wp-content\plugins\stayfit-manager\includes\dashboard\class-sf-client_manager.php(27): Sf_Card->reassign_to(Object(Sf_User), 'karnet_10', Array)
#4 E:\Dev\xampp\htdocs\wp-content\plugins\stayfit-manager\includes\class-sf-dashboard.php(239): Sf_Client_M w E:\Dev\xampp\htdocs\wp-content\plugins\stayfit-manager\includes\class-sf-card.php w linii 209

2020-02-19T16:50:27+00:00 CRITICAL Uncaught Error: Call to undefined method Sf_Card::get_raport_owners() in E:\Dev\xampp\htdocs\wp-content\plugins\stayfit-manager\includes\class-sf-card.php:217
Stack trace:
#0 E:\Dev\xampp\htdocs\wp-content\plugins\stayfit-manager\includes\class-sf-card.php(375): Sf_Card->add_raport_used_by(Object(Sf_User), '2020-02-10 11:0...', '2020-02-29 11:0...')
#1 E:\Dev\xampp\htdocs\wp-content\plugins\stayfit-manager\includes\class-sf-card.php(340): Sf_Card->create(Object(Sf_User), Array)
#2 E:\Dev\xampp\htdocs\wp-content\plugins\stayfit-manager\includes\class-sf-card.php(316): Sf_Card->assign_to(Object(Sf_User), Array)
#3 E:\Dev\xampp\htdocs\wp-content\plugins\stayfit-manager\includes\dashboard\class-sf-client_manager.php(27): Sf_Card->reassign_to(Object(Sf_User), 'karnet_11', Array)
#4 E:\Dev\xampp\htdocs\wp-content\plugins\stayfit-manager\includes\class-sf-dashboard.php(239): Sf_Client_Manager->person()
#5 E:\Dev\xampp\htdocs\wp-content\plugins\stayfit-manager\includes\sf-dashboard-functions.php(95): Sf_Dashboard->cl w E:\Dev\xampp\htdocs\wp-content\plugins\stayfit-manager\includes\class-sf-card.php w linii 217

2020-02-19T16:51:26+00:00 CRITICAL Uncaught Error: Call to undefined method Sf_Card::get_raport_owners() in E:\Dev\xampp\htdocs\wp-content\plugins\stayfit-manager\includes\class-sf-card.php:217
Stack trace:
#0 E:\Dev\xampp\htdocs\wp-content\plugins\stayfit-manager\includes\class-sf-card.php(375): Sf_Card->add_raport_used_by(Object(Sf_User), '2020-02-10 11:0...', '2020-02-29 11:0...')
#1 E:\Dev\xampp\htdocs\wp-content\plugins\stayfit-manager\includes\class-sf-card.php(340): Sf_Card->create(Object(Sf_User), Array)
#2 E:\Dev\xampp\htdocs\wp-content\plugins\stayfit-manager\includes\class-sf-card.php(316): Sf_Card->assign_to(Object(Sf_User), Array)
#3 E:\Dev\xampp\htdocs\wp-content\plugins\stayfit-manager\includes\dashboard\class-sf-client_manager.php(27): Sf_Card->reassign_to(Object(Sf_User), 'karnet_12', Array)
#4 E:\Dev\xampp\htdocs\wp-content\plugins\stayfit-manager\includes\class-sf-dashboard.php(239): Sf_Client_Manager->person()
#5 E:\Dev\xampp\htdocs\wp-content\plugins\stayfit-manager\includes\sf-dashboard-functions.php(95): Sf_Dashboard->cl w E:\Dev\xampp\htdocs\wp-content\plugins\stayfit-manager\includes\class-sf-card.php w linii 217

2020-02-19T16:53:54+00:00 CRITICAL syntax error, unexpected ''status'' (T_CONSTANT_ENCAPSED_STRING), expecting ')' w E:\Dev\xampp\htdocs\wp-content\plugins\stayfit-manager\includes\dashboard\class-sf-client_manager.php w linii 28

2020-02-19T16:55:23+00:00 CRITICAL Uncaught Error: Call to undefined method Sf_Card::set_used_when() in E:\Dev\xampp\htdocs\wp-content\plugins\stayfit-manager\includes\class-sf-card.php:288
Stack trace:
#0 E:\Dev\xampp\htdocs\wp-content\plugins\stayfit-manager\includes\class-sf-card.php(74): Sf_Card->read_object_from_db('key')
#1 E:\Dev\xampp\htdocs\wp-content\plugins\stayfit-manager\includes\class-sf-card.php(309): Sf_Card->__construct('karnet_14')
#2 E:\Dev\xampp\htdocs\wp-content\plugins\stayfit-manager\includes\dashboard\class-sf-client_manager.php(30): Sf_Card->reassign_to(Object(Sf_User), 'karnet_14', Array)
#3 E:\Dev\xampp\htdocs\wp-content\plugins\stayfit-manager\includes\class-sf-dashboard.php(239): Sf_Client_Manager->person()
#4 E:\Dev\xampp\htdocs\wp-content\plugins\stayfit-manager\includes\sf-dashboard-functions.php(95): Sf_Dashboard->client_manager('person')
#5 E:\Dev\xampp\htdocs\wp-includes\class-wp-hook.php(286): sf_manager_dashboard_content('')
#6 E:\Dev\xampp\htdocs\wp-includes\class-wp-hook.php(310): WP_Hook->apply_filters(' w E:\Dev\xampp\htdocs\wp-content\plugins\stayfit-manager\includes\class-sf-card.php w linii 288

2020-02-19T16:56:22+00:00 CRITICAL Uncaught Error: Call to undefined method Sf_Card::set_used_when() in E:\Dev\xampp\htdocs\wp-content\plugins\stayfit-manager\includes\class-sf-card.php:288
Stack trace:
#0 E:\Dev\xampp\htdocs\wp-content\plugins\stayfit-manager\includes\class-sf-card.php(74): Sf_Card->read_object_from_db('key')
#1 E:\Dev\xampp\htdocs\wp-content\plugins\stayfit-manager\includes\class-sf-card.php(309): Sf_Card->__construct('karnet_14')
#2 E:\Dev\xampp\htdocs\wp-content\plugins\stayfit-manager\includes\dashboard\class-sf-client_manager.php(30): Sf_Card->reassign_to(Object(Sf_User), 'karnet_14', Array)
#3 E:\Dev\xampp\htdocs\wp-content\plugins\stayfit-manager\includes\class-sf-dashboard.php(239): Sf_Client_Manager->person()
#4 E:\Dev\xampp\htdocs\wp-content\plugins\stayfit-manager\includes\sf-dashboard-functions.php(95): Sf_Dashboard->client_manager('person')
#5 E:\Dev\xampp\htdocs\wp-includes\class-wp-hook.php(286): sf_manager_dashboard_content('')
#6 E:\Dev\xampp\htdocs\wp-includes\class-wp-hook.php(310): WP_Hook->apply_filters(' w E:\Dev\xampp\htdocs\wp-content\plugins\stayfit-manager\includes\class-sf-card.php w linii 288

2020-02-19T16:57:02+00:00 CRITICAL Uncaught Error: Call to undefined method Sf_Card::add_raport_used_by() in E:\Dev\xampp\htdocs\wp-content\plugins\stayfit-manager\includes\class-sf-card.php:375
Stack trace:
#0 E:\Dev\xampp\htdocs\wp-content\plugins\stayfit-manager\includes\class-sf-card.php(340): Sf_Card->create(Object(Sf_User), Array)
#1 E:\Dev\xampp\htdocs\wp-content\plugins\stayfit-manager\includes\class-sf-card.php(316): Sf_Card->assign_to(Object(Sf_User), Array)
#2 E:\Dev\xampp\htdocs\wp-content\plugins\stayfit-manager\includes\dashboard\class-sf-client_manager.php(30): Sf_Card->reassign_to(Object(Sf_User), 'karnet_15', Array)
#3 E:\Dev\xampp\htdocs\wp-content\plugins\stayfit-manager\includes\class-sf-dashboard.php(239): Sf_Client_Manager->person()
#4 E:\Dev\xampp\htdocs\wp-content\plugins\stayfit-manager\includes\sf-dashboard-functions.php(95): Sf_Dashboard->client_manager('person')
#5 E:\Dev\xampp\htdocs\wp-includes\class-wp-hook.php(286): sf_manager_dashboard_content('')
#6 E:\Dev\xampp\htdocs\wp-includes\class-wp-hook.php(310): WP_Ho w E:\Dev\xampp\htdocs\wp-content\plugins\stayfit-manager\includes\class-sf-card.php w linii 375

